
 Matrix size = 1152 
[r180:24698] *** Process received signal ***
[r180:24698] Signal: Segmentation fault (11)
[r180:24698] Signal code: Address not mapped (1)
[r180:24698] Failing at address: 0x2b74d2c2b010
[r180:24698] [ 0] /usr/lib64/libpthread.so.0(+0xf370)[0x2b74b6e44370]
[r180:24698] [ 1] /usr/lib64/libc.so.6(+0x149265)[0x2b74b719a265]
[r180:24698] [ 2] /sw/parallel/openmpi/rackham-centos7/2.1.1gcc7.1.0/lib/openmpi/mca_btl_vader.so(+0x2952)[0x2b74c5ed6952]
[r180:24698] [ 3] /sw/parallel/openmpi/rackham-centos7/2.1.1gcc7.1.0/lib/openmpi/mca_pml_ob1.so(mca_pml_ob1_send_request_schedule_once+0x19e)[0x2b74c6e39dee]
[r180:24698] [ 4] /sw/parallel/openmpi/rackham-centos7/2.1.1gcc7.1.0/lib/openmpi/mca_pml_ob1.so(mca_pml_ob1_recv_frag_callback_ack+0x160)[0x2b74c6e342d0]
[r180:24698] [ 5] /sw/parallel/openmpi/rackham-centos7/2.1.1gcc7.1.0/lib/openmpi/mca_btl_vader.so(mca_btl_vader_poll_handle_frag+0x79)[0x2b74c5ed7bb9]
[r180:24698] [ 6] /sw/parallel/openmpi/rackham-centos7/2.1.1gcc7.1.0/lib/openmpi/mca_btl_vader.so(+0x4242)[0x2b74c5ed8242]
[r180:24698] [ 7] /sw/parallel/openmpi/rackham-centos7/2.1.1gcc7.1.0/lib/libopen-pal.so.20(opal_progress+0x5c)[0x2b74b76c063c]
[r180:24698] [ 8] /opt/openmpi/2.1.1gcc7.1.0/lib/libmpi.so.20(ompi_mpi_finalize+0x125)[0x2b74b687fa65]
[r180:24698] [ 9] ./code[0x401f00]
[r180:24698] [10] /usr/lib64/libc.so.6(__libc_start_main+0xf5)[0x2b74b7072b35]
[r180:24698] [11] ./code[0x400f09]
[r180:24698] *** End of error message ***
[warn] Epoll ADD(4) on fd 0 failed.  Old events were 0; read change was 0 (none); write change was 1 (add): Bad file descriptor
--------------------------------------------------------------------------
mpirun noticed that process rank 1 with PID 24698 on node r180 exited on signal 11 (Segmentation fault).
--------------------------------------------------------------------------
