
 Matrix size = 1008 
[r179:26831] *** Process received signal ***
[r179:26831] Signal: Segmentation fault (11)
[r179:26831] Signal code: Address not mapped (1)
[r179:26831] Failing at address: 0x2b68604bf010
[r179:26831] [ 0] /usr/lib64/libpthread.so.0(+0xf370)[0x2b68447e3370]
[r179:26831] [ 1] /usr/lib64/libc.so.6(+0x149265)[0x2b6844b39265]
[r179:26831] [ 2] /sw/parallel/openmpi/rackham-centos7/2.1.1gcc7.1.0/lib/openmpi/mca_btl_vader.so(+0x2952)[0x2b685391d952]
[r179:26831] [ 3] /sw/parallel/openmpi/rackham-centos7/2.1.1gcc7.1.0/lib/openmpi/mca_pml_ob1.so(mca_pml_ob1_send_request_schedule_once+0x19e)[0x2b6854880dee]
[r179:26831] [ 4] /sw/parallel/openmpi/rackham-centos7/2.1.1gcc7.1.0/lib/openmpi/mca_pml_ob1.so(mca_pml_ob1_recv_frag_callback_ack+0x160)[0x2b685487b2d0]
[r179:26831] [ 5] /sw/parallel/openmpi/rackham-centos7/2.1.1gcc7.1.0/lib/openmpi/mca_btl_vader.so(mca_btl_vader_poll_handle_frag+0x79)[0x2b685391ebb9]
[r179:26831] [ 6] /sw/parallel/openmpi/rackham-centos7/2.1.1gcc7.1.0/lib/openmpi/mca_btl_vader.so(+0x4242)[0x2b685391f242]
[r179:26831] [ 7] /sw/parallel/openmpi/rackham-centos7/2.1.1gcc7.1.0/lib/libopen-pal.so.20(opal_progress+0x5c)[0x2b684505f63c]
[r179:26831] [ 8] /opt/openmpi/2.1.1gcc7.1.0/lib/libmpi.so.20(ompi_mpi_finalize+0x125)[0x2b684421ea65]
[r179:26831] [ 9] ./code[0x401f00]
[r179:26831] [10] /usr/lib64/libc.so.6(__libc_start_main+0xf5)[0x2b6844a11b35]
[r179:26831] [11] ./code[0x400f09]
[r179:26831] *** End of error message ***
[warn] Epoll ADD(4) on fd 32 failed.  Old events were 0; read change was 0 (none); write change was 1 (add): Bad file descriptor
--------------------------------------------------------------------------
mpirun noticed that process rank 1 with PID 26831 on node r179 exited on signal 11 (Segmentation fault).
--------------------------------------------------------------------------
