
 Matrix size = 288 
[r179:03655] *** Process received signal ***
[r179:03655] Signal: Segmentation fault (11)
[r179:03655] Signal code: Address not mapped (1)
[r179:03655] Failing at address: 0x2b78ccaf2010
[r179:03655] [ 0] /usr/lib64/libpthread.so.0(+0xf370)[0x2b78b11f5370]
[r179:03655] [ 1] /usr/lib64/libc.so.6(+0x149265)[0x2b78b154b265]
[r179:03655] [ 2] /sw/parallel/openmpi/rackham-centos7/2.1.1gcc7.1.0/lib/openmpi/mca_btl_vader.so(+0x2952)[0x2b78c0205952]
[r179:03655] [ 3] /sw/parallel/openmpi/rackham-centos7/2.1.1gcc7.1.0/lib/openmpi/mca_pml_ob1.so(mca_pml_ob1_send_request_schedule_once+0x19e)[0x2b78c11e9dee]
[r179:03655] [ 4] /sw/parallel/openmpi/rackham-centos7/2.1.1gcc7.1.0/lib/openmpi/mca_pml_ob1.so(mca_pml_ob1_recv_frag_callback_ack+0x160)[0x2b78c11e42d0]
[r179:03655] [ 5] /sw/parallel/openmpi/rackham-centos7/2.1.1gcc7.1.0/lib/openmpi/mca_btl_vader.so(mca_btl_vader_poll_handle_frag+0x79)[0x2b78c0206bb9]
[r179:03655] [ 6] /sw/parallel/openmpi/rackham-centos7/2.1.1gcc7.1.0/lib/openmpi/mca_btl_vader.so(+0x4242)[0x2b78c0207242]
[r179:03655] [ 7] /sw/parallel/openmpi/rackham-centos7/2.1.1gcc7.1.0/lib/libopen-pal.so.20(opal_progress+0x5c)[0x2b78b1a7163c]
[r179:03655] [ 8] /opt/openmpi/2.1.1gcc7.1.0/lib/libmpi.so.20(ompi_mpi_finalize+0x125)[0x2b78b0c30a65]
[r179:03655] [ 9] ./code[0x401f00]
[r179:03655] [10] /usr/lib64/libc.so.6(__libc_start_main+0xf5)[0x2b78b1423b35]
[r179:03655] [11] ./code[0x400f09]
[r179:03655] *** End of error message ***
[warn] Epoll ADD(4) on fd 32 failed.  Old events were 0; read change was 0 (none); write change was 1 (add): Bad file descriptor
--------------------------------------------------------------------------
mpirun noticed that process rank 1 with PID 3655 on node r179 exited on signal 11 (Segmentation fault).
--------------------------------------------------------------------------
