
 Matrix size = 1152 
[r34:18888] *** Process received signal ***
[r34:18888] Signal: Segmentation fault (11)
[r34:18888] Signal code: Address not mapped (1)
[r34:18888] Failing at address: 0x2ab728115010
[r34:18888] [ 0] /usr/lib64/libpthread.so.0(+0xf370)[0x2ab70b221370]
[r34:18888] [ 1] /usr/lib64/libc.so.6(+0x149265)[0x2ab70b577265]
[r34:18888] [ 2] /sw/parallel/openmpi/rackham-centos7/2.1.1gcc7.1.0/lib/openmpi/mca_btl_vader.so(+0x2952)[0x2ab71a2ee952]
[r34:18888] [ 3] /sw/parallel/openmpi/rackham-centos7/2.1.1gcc7.1.0/lib/openmpi/mca_pml_ob1.so(mca_pml_ob1_send_request_schedule_once+0x19e)[0x2ab71b251dee]
[r34:18888] [ 4] /sw/parallel/openmpi/rackham-centos7/2.1.1gcc7.1.0/lib/openmpi/mca_pml_ob1.so(mca_pml_ob1_recv_frag_callback_ack+0x160)[0x2ab71b24c2d0]
[r34:18888] [ 5] /sw/parallel/openmpi/rackham-centos7/2.1.1gcc7.1.0/lib/openmpi/mca_btl_vader.so(mca_btl_vader_poll_handle_frag+0x79)[0x2ab71a2efbb9]
[r34:18888] [ 6] /sw/parallel/openmpi/rackham-centos7/2.1.1gcc7.1.0/lib/openmpi/mca_btl_vader.so(+0x4242)[0x2ab71a2f0242]
[r34:18888] [ 7] /sw/parallel/openmpi/rackham-centos7/2.1.1gcc7.1.0/lib/libopen-pal.so.20(opal_progress+0x5c)[0x2ab70ba9d63c]
[r34:18888] [ 8] /opt/openmpi/2.1.1gcc7.1.0/lib/libmpi.so.20(ompi_mpi_finalize+0x125)[0x2ab70ac5ca65]
[r34:18888] [ 9] ./code[0x401f00]
[r34:18888] [10] /usr/lib64/libc.so.6(__libc_start_main+0xf5)[0x2ab70b44fb35]
[r34:18888] [11] ./code[0x400f09]
[r34:18888] *** End of error message ***
[warn] Epoll ADD(4) on fd 0 failed.  Old events were 0; read change was 0 (none); write change was 1 (add): Bad file descriptor
--------------------------------------------------------------------------
mpirun noticed that process rank 1 with PID 18888 on node r34 exited on signal 11 (Segmentation fault).
--------------------------------------------------------------------------
