
 Matrix size = 288 
[r174:07788] *** Process received signal ***
[r174:07788] Signal: Segmentation fault (11)
[r174:07788] Signal code: Address not mapped (1)
[r174:07788] Failing at address: 0x2b8764796010
[r174:07788] [ 0] /usr/lib64/libpthread.so.0(+0xf370)[0x2b8748e7d370]
[r174:07788] [ 1] /usr/lib64/libc.so.6(+0x149265)[0x2b87491d3265]
[r174:07788] [ 2] /sw/parallel/openmpi/rackham-centos7/2.1.1gcc7.1.0/lib/openmpi/mca_btl_vader.so(+0x2952)[0x2b8758002952]
[r174:07788] [ 3] /sw/parallel/openmpi/rackham-centos7/2.1.1gcc7.1.0/lib/openmpi/mca_pml_ob1.so(mca_pml_ob1_send_request_schedule_once+0x19e)[0x2b8758e64dee]
[r174:07788] [ 4] /sw/parallel/openmpi/rackham-centos7/2.1.1gcc7.1.0/lib/openmpi/mca_pml_ob1.so(mca_pml_ob1_recv_frag_callback_ack+0x160)[0x2b8758e5f2d0]
[r174:07788] [ 5] /sw/parallel/openmpi/rackham-centos7/2.1.1gcc7.1.0/lib/openmpi/mca_btl_vader.so(mca_btl_vader_poll_handle_frag+0x79)[0x2b8758003bb9]
[r174:07788] [ 6] /sw/parallel/openmpi/rackham-centos7/2.1.1gcc7.1.0/lib/openmpi/mca_btl_vader.so(+0x4242)[0x2b8758004242]
[r174:07788] [ 7] /sw/parallel/openmpi/rackham-centos7/2.1.1gcc7.1.0/lib/libopen-pal.so.20(opal_progress+0x5c)[0x2b87496f963c]
[r174:07788] [ 8] /opt/openmpi/2.1.1gcc7.1.0/lib/libmpi.so.20(ompi_mpi_finalize+0x125)[0x2b87488b8a65]
[r174:07788] [ 9] ./code[0x401f00]
[r174:07788] [10] /usr/lib64/libc.so.6(__libc_start_main+0xf5)[0x2b87490abb35]
[r174:07788] [11] ./code[0x400f09]
[r174:07788] *** End of error message ***
[warn] Epoll ADD(4) on fd 0 failed.  Old events were 0; read change was 0 (none); write change was 1 (add): Bad file descriptor
--------------------------------------------------------------------------
mpirun noticed that process rank 1 with PID 7788 on node r174 exited on signal 11 (Segmentation fault).
--------------------------------------------------------------------------
