
 Matrix size = 720 
[r37:14770] *** Process received signal ***
[r37:14770] Signal: Segmentation fault (11)
[r37:14770] Signal code: Address not mapped (1)
[r37:14770] Failing at address: 0x2b3dbf15f010
[r37:14770] [ 0] /usr/lib64/libpthread.so.0(+0xf370)[0x2b3da23c5370]
[r37:14770] [ 1] /usr/lib64/libc.so.6(+0x149265)[0x2b3da271b265]
[r37:14770] [ 2] /sw/parallel/openmpi/rackham-centos7/2.1.1gcc7.1.0/lib/openmpi/mca_btl_vader.so(+0x2952)[0x2b3db1425952]
[r37:14770] [ 3] /sw/parallel/openmpi/rackham-centos7/2.1.1gcc7.1.0/lib/openmpi/mca_pml_ob1.so(mca_pml_ob1_send_request_schedule_once+0x19e)[0x2b3db2388dee]
[r37:14770] [ 4] /sw/parallel/openmpi/rackham-centos7/2.1.1gcc7.1.0/lib/openmpi/mca_pml_ob1.so(mca_pml_ob1_recv_frag_callback_ack+0x160)[0x2b3db23832d0]
[r37:14770] [ 5] /sw/parallel/openmpi/rackham-centos7/2.1.1gcc7.1.0/lib/openmpi/mca_btl_vader.so(mca_btl_vader_poll_handle_frag+0x79)[0x2b3db1426bb9]
[r37:14770] [ 6] /sw/parallel/openmpi/rackham-centos7/2.1.1gcc7.1.0/lib/openmpi/mca_btl_vader.so(+0x4242)[0x2b3db1427242]
[r37:14770] [ 7] /sw/parallel/openmpi/rackham-centos7/2.1.1gcc7.1.0/lib/libopen-pal.so.20(opal_progress+0x5c)[0x2b3da2c4163c]
[r37:14770] [ 8] /opt/openmpi/2.1.1gcc7.1.0/lib/libmpi.so.20(ompi_mpi_finalize+0x125)[0x2b3da1e00a65]
[r37:14770] [ 9] ./code[0x401f00]
[r37:14770] [10] /usr/lib64/libc.so.6(__libc_start_main+0xf5)[0x2b3da25f3b35]
[r37:14770] [11] ./code[0x400f09]
[r37:14770] *** End of error message ***
[warn] Epoll ADD(4) on fd 32 failed.  Old events were 0; read change was 0 (none); write change was 1 (add): Bad file descriptor
--------------------------------------------------------------------------
mpirun noticed that process rank 1 with PID 14770 on node r37 exited on signal 11 (Segmentation fault).
--------------------------------------------------------------------------
