
 Matrix size = 1440 
[r252:09307] *** Process received signal ***
[r252:09307] Signal: Segmentation fault (11)
[r252:09307] Signal code: Address not mapped (1)
[r252:09307] Failing at address: 0x2b51aace9010
[r252:09307] [ 0] /usr/lib64/libpthread.so.0(+0xf370)[0x2b518c22a370]
[r252:09307] [ 1] /usr/lib64/libc.so.6(+0x149265)[0x2b518c580265]
[r252:09307] [ 2] /sw/parallel/openmpi/rackham-centos7/2.1.1gcc7.1.0/lib/openmpi/mca_btl_vader.so(+0x2952)[0x2b519b321952]
[r252:09307] [ 3] /sw/parallel/openmpi/rackham-centos7/2.1.1gcc7.1.0/lib/openmpi/mca_pml_ob1.so(mca_pml_ob1_send_request_schedule_once+0x19e)[0x2b519c284dee]
[r252:09307] [ 4] /sw/parallel/openmpi/rackham-centos7/2.1.1gcc7.1.0/lib/openmpi/mca_pml_ob1.so(mca_pml_ob1_recv_frag_callback_ack+0x160)[0x2b519c27f2d0]
[r252:09307] [ 5] /sw/parallel/openmpi/rackham-centos7/2.1.1gcc7.1.0/lib/openmpi/mca_btl_vader.so(mca_btl_vader_poll_handle_frag+0x79)[0x2b519b322bb9]
[r252:09307] [ 6] /sw/parallel/openmpi/rackham-centos7/2.1.1gcc7.1.0/lib/openmpi/mca_btl_vader.so(+0x4242)[0x2b519b323242]
[r252:09307] [ 7] /sw/parallel/openmpi/rackham-centos7/2.1.1gcc7.1.0/lib/libopen-pal.so.20(opal_progress+0x5c)[0x2b518caa663c]
[r252:09307] [ 8] /opt/openmpi/2.1.1gcc7.1.0/lib/libmpi.so.20(ompi_mpi_finalize+0x125)[0x2b518bc65a65]
[r252:09307] [ 9] ./code[0x401f00]
[r252:09307] [10] /usr/lib64/libc.so.6(__libc_start_main+0xf5)[0x2b518c458b35]
[r252:09307] [11] ./code[0x400f09]
[r252:09307] *** End of error message ***
[warn] Epoll ADD(4) on fd 71 failed.  Old events were 0; read change was 0 (none); write change was 1 (add): Bad file descriptor
--------------------------------------------------------------------------
mpirun noticed that process rank 1 with PID 9307 on node r252 exited on signal 11 (Segmentation fault).
--------------------------------------------------------------------------
