
 Matrix size = 720 
[r197:11588] *** Process received signal ***
[r197:11588] Signal: Segmentation fault (11)
[r197:11588] Signal code: Address not mapped (1)
[r197:11588] Failing at address: 0x2b79582a9010
[r197:11588] [ 0] /usr/lib64/libpthread.so.0(+0xf370)[0x2b7939959370]
[r197:11588] [ 1] /usr/lib64/libc.so.6(+0x149265)[0x2b7939caf265]
[r197:11588] [ 2] /sw/parallel/openmpi/rackham-centos7/2.1.1gcc7.1.0/lib/openmpi/mca_btl_vader.so(+0x2952)[0x2b7948a1a952]
[r197:11588] [ 3] /sw/parallel/openmpi/rackham-centos7/2.1.1gcc7.1.0/lib/openmpi/mca_pml_ob1.so(mca_pml_ob1_send_request_schedule_once+0x19e)[0x2b794997ddee]
[r197:11588] [ 4] /sw/parallel/openmpi/rackham-centos7/2.1.1gcc7.1.0/lib/openmpi/mca_pml_ob1.so(mca_pml_ob1_recv_frag_callback_ack+0x160)[0x2b79499782d0]
[r197:11588] [ 5] /sw/parallel/openmpi/rackham-centos7/2.1.1gcc7.1.0/lib/openmpi/mca_btl_vader.so(mca_btl_vader_poll_handle_frag+0x79)[0x2b7948a1bbb9]
[r197:11588] [ 6] /sw/parallel/openmpi/rackham-centos7/2.1.1gcc7.1.0/lib/openmpi/mca_btl_vader.so(+0x4242)[0x2b7948a1c242]
[r197:11588] [ 7] /sw/parallel/openmpi/rackham-centos7/2.1.1gcc7.1.0/lib/libopen-pal.so.20(opal_progress+0x5c)[0x2b793a1d563c]
[r197:11588] [ 8] /opt/openmpi/2.1.1gcc7.1.0/lib/libmpi.so.20(ompi_mpi_finalize+0x125)[0x2b7939394a65]
[r197:11588] [ 9] ./code[0x401f00]
[r197:11588] [10] /usr/lib64/libc.so.6(__libc_start_main+0xf5)[0x2b7939b87b35]
[r197:11588] [11] ./code[0x400f09]
[r197:11588] *** End of error message ***
[warn] Epoll ADD(4) on fd 71 failed.  Old events were 0; read change was 0 (none); write change was 1 (add): Bad file descriptor
--------------------------------------------------------------------------
mpirun noticed that process rank 1 with PID 11588 on node r197 exited on signal 11 (Segmentation fault).
--------------------------------------------------------------------------
