
 Matrix size = 1008 
[r194:08529] *** Process received signal ***
[r194:08529] Signal: Segmentation fault (11)
[r194:08529] Signal code: Address not mapped (1)
[r194:08529] Failing at address: 0x2ab542fe7010
[r194:08529] [ 0] /usr/lib64/libpthread.so.0(+0xf370)[0x2ab524619370]
[r194:08529] [ 1] /usr/lib64/libc.so.6(+0x149265)[0x2ab52496f265]
[r194:08529] [ 2] /sw/parallel/openmpi/rackham-centos7/2.1.1gcc7.1.0/lib/openmpi/mca_btl_vader.so(+0x2952)[0x2ab533721952]
[r194:08529] [ 3] /sw/parallel/openmpi/rackham-centos7/2.1.1gcc7.1.0/lib/openmpi/mca_pml_ob1.so(mca_pml_ob1_send_request_schedule_once+0x19e)[0x2ab534684dee]
[r194:08529] [ 4] /sw/parallel/openmpi/rackham-centos7/2.1.1gcc7.1.0/lib/openmpi/mca_pml_ob1.so(mca_pml_ob1_recv_frag_callback_ack+0x160)[0x2ab53467f2d0]
[r194:08529] [ 5] /sw/parallel/openmpi/rackham-centos7/2.1.1gcc7.1.0/lib/openmpi/mca_btl_vader.so(mca_btl_vader_poll_handle_frag+0x79)[0x2ab533722bb9]
[r194:08529] [ 6] /sw/parallel/openmpi/rackham-centos7/2.1.1gcc7.1.0/lib/openmpi/mca_btl_vader.so(+0x4242)[0x2ab533723242]
[r194:08529] [ 7] /sw/parallel/openmpi/rackham-centos7/2.1.1gcc7.1.0/lib/libopen-pal.so.20(opal_progress+0x5c)[0x2ab524e9563c]
[r194:08529] [ 8] /opt/openmpi/2.1.1gcc7.1.0/lib/libmpi.so.20(ompi_mpi_finalize+0x125)[0x2ab524054a65]
[r194:08529] [ 9] ./code[0x401f00]
[r194:08529] [10] /usr/lib64/libc.so.6(__libc_start_main+0xf5)[0x2ab524847b35]
[r194:08529] [11] ./code[0x400f09]
[r194:08529] *** End of error message ***
[warn] Epoll ADD(4) on fd 53 failed.  Old events were 0; read change was 0 (none); write change was 1 (add): Bad file descriptor
--------------------------------------------------------------------------
mpirun noticed that process rank 1 with PID 8529 on node r194 exited on signal 11 (Segmentation fault).
--------------------------------------------------------------------------
