
 Matrix size = 1008 
[r174:31012] *** Process received signal ***
[r174:31012] Signal: Segmentation fault (11)
[r174:31012] Signal code: Address not mapped (1)
[r174:31012] Failing at address: 0x2b07efccf010
[r174:31012] [ 0] /usr/lib64/libpthread.so.0(+0xf370)[0x2b07d4041370]
[r174:31012] [ 1] /usr/lib64/libc.so.6(+0x149265)[0x2b07d4397265]
[r174:31012] [ 2] /sw/parallel/openmpi/rackham-centos7/2.1.1gcc7.1.0/lib/openmpi/mca_btl_vader.so(+0x2952)[0x2b07e311d952]
[r174:31012] [ 3] /sw/parallel/openmpi/rackham-centos7/2.1.1gcc7.1.0/lib/openmpi/mca_pml_ob1.so(mca_pml_ob1_send_request_schedule_once+0x19e)[0x2b07e4080dee]
[r174:31012] [ 4] /sw/parallel/openmpi/rackham-centos7/2.1.1gcc7.1.0/lib/openmpi/mca_pml_ob1.so(mca_pml_ob1_recv_frag_callback_ack+0x160)[0x2b07e407b2d0]
[r174:31012] [ 5] /sw/parallel/openmpi/rackham-centos7/2.1.1gcc7.1.0/lib/openmpi/mca_btl_vader.so(mca_btl_vader_poll_handle_frag+0x79)[0x2b07e311ebb9]
[r174:31012] [ 6] /sw/parallel/openmpi/rackham-centos7/2.1.1gcc7.1.0/lib/openmpi/mca_btl_vader.so(+0x4242)[0x2b07e311f242]
[r174:31012] [ 7] /sw/parallel/openmpi/rackham-centos7/2.1.1gcc7.1.0/lib/libopen-pal.so.20(opal_progress+0x5c)[0x2b07d48bd63c]
[r174:31012] [ 8] /opt/openmpi/2.1.1gcc7.1.0/lib/libmpi.so.20(ompi_mpi_finalize+0x125)[0x2b07d3a7ca65]
[r174:31012] [ 9] ./code[0x401f00]
[r174:31012] [10] /usr/lib64/libc.so.6(__libc_start_main+0xf5)[0x2b07d426fb35]
[r174:31012] [11] ./code[0x400f09]
[r174:31012] *** End of error message ***
[warn] Epoll ADD(4) on fd 0 failed.  Old events were 0; read change was 0 (none); write change was 1 (add): Bad file descriptor
--------------------------------------------------------------------------
mpirun noticed that process rank 1 with PID 31012 on node r174 exited on signal 11 (Segmentation fault).
--------------------------------------------------------------------------
