
 Matrix size = 1440 
[r252:09749] *** Process received signal ***
[r252:09749] Signal: Segmentation fault (11)
[r252:09749] Signal code: Address not mapped (1)
[r252:09749] Failing at address: 0x2b82f10fa010
[r252:09749] [ 0] /usr/lib64/libpthread.so.0(+0xf370)[0x2b82d25ed370]
[r252:09749] [ 1] /usr/lib64/libc.so.6(+0x149265)[0x2b82d2943265]
[r252:09749] [ 2] /sw/parallel/openmpi/rackham-centos7/2.1.1gcc7.1.0/lib/openmpi/mca_btl_vader.so(+0x2952)[0x2b82e162e952]
[r252:09749] [ 3] /sw/parallel/openmpi/rackham-centos7/2.1.1gcc7.1.0/lib/openmpi/mca_pml_ob1.so(mca_pml_ob1_send_request_schedule_once+0x19e)[0x2b82e2612dee]
[r252:09749] [ 4] /sw/parallel/openmpi/rackham-centos7/2.1.1gcc7.1.0/lib/openmpi/mca_pml_ob1.so(mca_pml_ob1_recv_frag_callback_ack+0x160)[0x2b82e260d2d0]
[r252:09749] [ 5] /sw/parallel/openmpi/rackham-centos7/2.1.1gcc7.1.0/lib/openmpi/mca_btl_vader.so(mca_btl_vader_poll_handle_frag+0x79)[0x2b82e162fbb9]
[r252:09749] [ 6] /sw/parallel/openmpi/rackham-centos7/2.1.1gcc7.1.0/lib/openmpi/mca_btl_vader.so(+0x4242)[0x2b82e1630242]
[r252:09749] [ 7] /sw/parallel/openmpi/rackham-centos7/2.1.1gcc7.1.0/lib/libopen-pal.so.20(opal_progress+0x5c)[0x2b82d2e6963c]
[r252:09749] [ 8] /opt/openmpi/2.1.1gcc7.1.0/lib/libmpi.so.20(ompi_mpi_finalize+0x125)[0x2b82d2028a65]
[r252:09749] [ 9] ./code[0x401f00]
[r252:09749] [10] /usr/lib64/libc.so.6(__libc_start_main+0xf5)[0x2b82d281bb35]
[r252:09749] [11] ./code[0x400f09]
[r252:09749] *** End of error message ***
[warn] Epoll ADD(4) on fd 62 failed.  Old events were 0; read change was 0 (none); write change was 1 (add): Bad file descriptor
--------------------------------------------------------------------------
mpirun noticed that process rank 1 with PID 9749 on node r252 exited on signal 11 (Segmentation fault).
--------------------------------------------------------------------------
