
 Matrix size = 576 
[r208:21835] *** Process received signal ***
[r208:21835] Signal: Segmentation fault (11)
[r208:21835] Signal code: Address not mapped (1)
[r208:21835] Failing at address: 0x2ab117671010
[r208:21835] [ 0] /usr/lib64/libpthread.so.0(+0xf370)[0x2ab0f8d60370]
[r208:21835] [ 1] /usr/lib64/libc.so.6(+0x149265)[0x2ab0f90b6265]
[r208:21835] [ 2] /sw/parallel/openmpi/rackham-centos7/2.1.1gcc7.1.0/lib/openmpi/mca_btl_vader.so(+0x2952)[0x2ab0ffd35952]
[r208:21835] [ 3] /sw/parallel/openmpi/rackham-centos7/2.1.1gcc7.1.0/lib/openmpi/mca_pml_ob1.so(mca_pml_ob1_send_request_schedule_once+0x19e)[0x2ab108d5cdee]
[r208:21835] [ 4] /sw/parallel/openmpi/rackham-centos7/2.1.1gcc7.1.0/lib/openmpi/mca_pml_ob1.so(mca_pml_ob1_recv_frag_callback_ack+0x160)[0x2ab108d572d0]
[r208:21835] [ 5] /sw/parallel/openmpi/rackham-centos7/2.1.1gcc7.1.0/lib/openmpi/mca_btl_vader.so(mca_btl_vader_poll_handle_frag+0x79)[0x2ab0ffd36bb9]
[r208:21835] [ 6] /sw/parallel/openmpi/rackham-centos7/2.1.1gcc7.1.0/lib/openmpi/mca_btl_vader.so(+0x4242)[0x2ab0ffd37242]
[r208:21835] [ 7] /sw/parallel/openmpi/rackham-centos7/2.1.1gcc7.1.0/lib/libopen-pal.so.20(opal_progress+0x5c)[0x2ab0f95dc63c]
[r208:21835] [ 8] /opt/openmpi/2.1.1gcc7.1.0/lib/libmpi.so.20(ompi_mpi_finalize+0x125)[0x2ab0f879ba65]
[r208:21835] [ 9] ./code[0x401f00]
[r208:21835] [10] /usr/lib64/libc.so.6(__libc_start_main+0xf5)[0x2ab0f8f8eb35]
[r208:21835] [11] ./code[0x400f09]
[r208:21835] *** End of error message ***
[warn] Epoll ADD(4) on fd 65 failed.  Old events were 0; read change was 0 (none); write change was 1 (add): Bad file descriptor
--------------------------------------------------------------------------
mpirun noticed that process rank 1 with PID 21835 on node r208 exited on signal 11 (Segmentation fault).
--------------------------------------------------------------------------
