
 Matrix size = 576 
[r330:01324] *** Process received signal ***
[r330:01324] Signal: Segmentation fault (11)
[r330:01324] Signal code: Address not mapped (1)
[r330:01324] Failing at address: 0x2b85aabf4010
[r330:01324] [ 0] /usr/lib64/libpthread.so.0(+0xf370)[0x2b858f200370]
[r330:01324] [ 1] /usr/lib64/libc.so.6(+0x149265)[0x2b858f556265]
[r330:01324] [ 2] /sw/parallel/openmpi/rackham-centos7/2.1.1gcc7.1.0/lib/openmpi/mca_btl_vader.so(+0x2952)[0x2b859e2ee952]
[r330:01324] [ 3] /sw/parallel/openmpi/rackham-centos7/2.1.1gcc7.1.0/lib/openmpi/mca_pml_ob1.so(mca_pml_ob1_send_request_schedule_once+0x19e)[0x2b859f251dee]
[r330:01324] [ 4] /sw/parallel/openmpi/rackham-centos7/2.1.1gcc7.1.0/lib/openmpi/mca_pml_ob1.so(mca_pml_ob1_recv_frag_callback_ack+0x160)[0x2b859f24c2d0]
[r330:01324] [ 5] /sw/parallel/openmpi/rackham-centos7/2.1.1gcc7.1.0/lib/openmpi/mca_btl_vader.so(mca_btl_vader_poll_handle_frag+0x79)[0x2b859e2efbb9]
[r330:01324] [ 6] /sw/parallel/openmpi/rackham-centos7/2.1.1gcc7.1.0/lib/openmpi/mca_btl_vader.so(+0x4242)[0x2b859e2f0242]
[r330:01324] [ 7] /sw/parallel/openmpi/rackham-centos7/2.1.1gcc7.1.0/lib/libopen-pal.so.20(opal_progress+0x5c)[0x2b858fa7c63c]
[r330:01324] [ 8] /opt/openmpi/2.1.1gcc7.1.0/lib/libmpi.so.20(ompi_mpi_finalize+0x125)[0x2b858ec3ba65]
[r330:01324] [ 9] ./code[0x401f00]
[r330:01324] [10] /usr/lib64/libc.so.6(__libc_start_main+0xf5)[0x2b858f42eb35]
[r330:01324] [11] ./code[0x400f09]
[r330:01324] *** End of error message ***
[warn] Epoll ADD(4) on fd 36 failed.  Old events were 0; read change was 0 (none); write change was 1 (add): Bad file descriptor
--------------------------------------------------------------------------
mpirun noticed that process rank 1 with PID 1324 on node r330 exited on signal 11 (Segmentation fault).
--------------------------------------------------------------------------
