
 Matrix size = 720 
[r175:02006] *** Process received signal ***
[r175:02006] Signal: Segmentation fault (11)
[r175:02006] Signal code: Address not mapped (1)
[r175:02006] Failing at address: 0x2b6813c7a010
[r175:02006] [ 0] /usr/lib64/libpthread.so.0(+0xf370)[0x2b67f81d1370]
[r175:02006] [ 1] /usr/lib64/libc.so.6(+0x149265)[0x2b67f8527265]
[r175:02006] [ 2] /sw/parallel/openmpi/rackham-centos7/2.1.1gcc7.1.0/lib/openmpi/mca_btl_vader.so(+0x2952)[0x2b6807321952]
[r175:02006] [ 3] /sw/parallel/openmpi/rackham-centos7/2.1.1gcc7.1.0/lib/openmpi/mca_pml_ob1.so(mca_pml_ob1_send_request_schedule_once+0x19e)[0x2b6808284dee]
[r175:02006] [ 4] /sw/parallel/openmpi/rackham-centos7/2.1.1gcc7.1.0/lib/openmpi/mca_pml_ob1.so(mca_pml_ob1_recv_frag_callback_ack+0x160)[0x2b680827f2d0]
[r175:02006] [ 5] /sw/parallel/openmpi/rackham-centos7/2.1.1gcc7.1.0/lib/openmpi/mca_btl_vader.so(mca_btl_vader_poll_handle_frag+0x79)[0x2b6807322bb9]
[r175:02006] [ 6] /sw/parallel/openmpi/rackham-centos7/2.1.1gcc7.1.0/lib/openmpi/mca_btl_vader.so(+0x4242)[0x2b6807323242]
[r175:02006] [ 7] /sw/parallel/openmpi/rackham-centos7/2.1.1gcc7.1.0/lib/libopen-pal.so.20(opal_progress+0x5c)[0x2b67f8a4d63c]
[r175:02006] [ 8] /opt/openmpi/2.1.1gcc7.1.0/lib/libmpi.so.20(ompi_mpi_finalize+0x125)[0x2b67f7c0ca65]
[r175:02006] [ 9] ./code[0x401f00]
[r175:02006] [10] /usr/lib64/libc.so.6(__libc_start_main+0xf5)[0x2b67f83ffb35]
[r175:02006] [11] ./code[0x400f09]
[r175:02006] *** End of error message ***
[warn] Epoll ADD(4) on fd 0 failed.  Old events were 0; read change was 0 (none); write change was 1 (add): Bad file descriptor
--------------------------------------------------------------------------
mpirun noticed that process rank 1 with PID 2006 on node r175 exited on signal 11 (Segmentation fault).
--------------------------------------------------------------------------
