
 Matrix size = 576 
[r34:16151] *** Process received signal ***
[r34:16151] Signal: Segmentation fault (11)
[r34:16151] Signal code: Address not mapped (1)
[r34:16151] Failing at address: 0x2b20d9e5c010
[r34:16151] [ 0] /usr/lib64/libpthread.so.0(+0xf370)[0x2b20bd0e7370]
[r34:16151] [ 1] /usr/lib64/libc.so.6(+0x149265)[0x2b20bd43d265]
[r34:16151] [ 2] /sw/parallel/openmpi/rackham-centos7/2.1.1gcc7.1.0/lib/openmpi/mca_btl_vader.so(+0x2952)[0x2b20cc205952]
[r34:16151] [ 3] /sw/parallel/openmpi/rackham-centos7/2.1.1gcc7.1.0/lib/openmpi/mca_pml_ob1.so(mca_pml_ob1_send_request_schedule_once+0x19e)[0x2b20cd168dee]
[r34:16151] [ 4] /sw/parallel/openmpi/rackham-centos7/2.1.1gcc7.1.0/lib/openmpi/mca_pml_ob1.so(mca_pml_ob1_recv_frag_callback_ack+0x160)[0x2b20cd1632d0]
[r34:16151] [ 5] /sw/parallel/openmpi/rackham-centos7/2.1.1gcc7.1.0/lib/openmpi/mca_btl_vader.so(mca_btl_vader_poll_handle_frag+0x79)[0x2b20cc206bb9]
[r34:16151] [ 6] /sw/parallel/openmpi/rackham-centos7/2.1.1gcc7.1.0/lib/openmpi/mca_btl_vader.so(+0x4242)[0x2b20cc207242]
[r34:16151] [ 7] /sw/parallel/openmpi/rackham-centos7/2.1.1gcc7.1.0/lib/libopen-pal.so.20(opal_progress+0x5c)[0x2b20bd96363c]
[r34:16151] [ 8] /opt/openmpi/2.1.1gcc7.1.0/lib/libmpi.so.20(ompi_mpi_finalize+0x125)[0x2b20bcb22a65]
[r34:16151] [ 9] ./code[0x401f00]
[r34:16151] [10] /usr/lib64/libc.so.6(__libc_start_main+0xf5)[0x2b20bd315b35]
[r34:16151] [11] ./code[0x400f09]
[r34:16151] *** End of error message ***
[warn] Epoll ADD(4) on fd 50 failed.  Old events were 0; read change was 0 (none); write change was 1 (add): Bad file descriptor
--------------------------------------------------------------------------
mpirun noticed that process rank 1 with PID 16151 on node r34 exited on signal 11 (Segmentation fault).
--------------------------------------------------------------------------
