
 Matrix size = 1440 
[r251:27536] *** Process received signal ***
[r251:27536] Signal: Segmentation fault (11)
[r251:27536] Signal code: Address not mapped (1)
[r251:27536] Failing at address: 0x2b714e3db010
[r251:27536] [ 0] /usr/lib64/libpthread.so.0(+0xf370)[0x2b712f917370]
[r251:27536] [ 1] /usr/lib64/libc.so.6(+0x149265)[0x2b712fc6d265]
[r251:27536] [ 2] /sw/parallel/openmpi/rackham-centos7/2.1.1gcc7.1.0/lib/openmpi/mca_btl_vader.so(+0x2952)[0x2b713e90f952]
[r251:27536] [ 3] /sw/parallel/openmpi/rackham-centos7/2.1.1gcc7.1.0/lib/openmpi/mca_pml_ob1.so(mca_pml_ob1_send_request_schedule_once+0x19e)[0x2b713f8f3dee]
[r251:27536] [ 4] /sw/parallel/openmpi/rackham-centos7/2.1.1gcc7.1.0/lib/openmpi/mca_pml_ob1.so(mca_pml_ob1_recv_frag_callback_ack+0x160)[0x2b713f8ee2d0]
[r251:27536] [ 5] /sw/parallel/openmpi/rackham-centos7/2.1.1gcc7.1.0/lib/openmpi/mca_btl_vader.so(mca_btl_vader_poll_handle_frag+0x79)[0x2b713e910bb9]
[r251:27536] [ 6] /sw/parallel/openmpi/rackham-centos7/2.1.1gcc7.1.0/lib/openmpi/mca_btl_vader.so(+0x4242)[0x2b713e911242]
[r251:27536] [ 7] /sw/parallel/openmpi/rackham-centos7/2.1.1gcc7.1.0/lib/libopen-pal.so.20(opal_progress+0x5c)[0x2b713019363c]
[r251:27536] [ 8] /opt/openmpi/2.1.1gcc7.1.0/lib/libmpi.so.20(ompi_mpi_finalize+0x125)[0x2b712f352a65]
[r251:27536] [ 9] ./code[0x401f00]
[r251:27536] [10] /usr/lib64/libc.so.6(__libc_start_main+0xf5)[0x2b712fb45b35]
[r251:27536] [11] ./code[0x400f09]
[r251:27536] *** End of error message ***
[warn] Epoll ADD(4) on fd 68 failed.  Old events were 0; read change was 0 (none); write change was 1 (add): Bad file descriptor
--------------------------------------------------------------------------
mpirun noticed that process rank 1 with PID 27536 on node r251 exited on signal 11 (Segmentation fault).
--------------------------------------------------------------------------
