
 Matrix size = 1008 
[r175:03205] *** Process received signal ***
[r175:03205] Signal: Segmentation fault (11)
[r175:03205] Signal code: Address not mapped (1)
[r175:03205] Failing at address: 0x2b6eaa6ee010
[r175:03205] [ 0] /usr/lib64/libpthread.so.0(+0xf370)[0x2b6e8ea33370]
[r175:03205] [ 1] /usr/lib64/libc.so.6(+0x149265)[0x2b6e8ed89265]
[r175:03205] [ 2] /sw/parallel/openmpi/rackham-centos7/2.1.1gcc7.1.0/lib/openmpi/mca_btl_vader.so(+0x2952)[0x2b6e9da48952]
[r175:03205] [ 3] /sw/parallel/openmpi/rackham-centos7/2.1.1gcc7.1.0/lib/openmpi/mca_pml_ob1.so(mca_pml_ob1_send_request_schedule_once+0x19e)[0x2b6e9ea2cdee]
[r175:03205] [ 4] /sw/parallel/openmpi/rackham-centos7/2.1.1gcc7.1.0/lib/openmpi/mca_pml_ob1.so(mca_pml_ob1_recv_frag_callback_ack+0x160)[0x2b6e9ea272d0]
[r175:03205] [ 5] /sw/parallel/openmpi/rackham-centos7/2.1.1gcc7.1.0/lib/openmpi/mca_btl_vader.so(mca_btl_vader_poll_handle_frag+0x79)[0x2b6e9da49bb9]
[r175:03205] [ 6] /sw/parallel/openmpi/rackham-centos7/2.1.1gcc7.1.0/lib/openmpi/mca_btl_vader.so(+0x4242)[0x2b6e9da4a242]
[r175:03205] [ 7] /sw/parallel/openmpi/rackham-centos7/2.1.1gcc7.1.0/lib/libopen-pal.so.20(opal_progress+0x5c)[0x2b6e8f2af63c]
[r175:03205] [ 8] /opt/openmpi/2.1.1gcc7.1.0/lib/libmpi.so.20(ompi_mpi_finalize+0x125)[0x2b6e8e46ea65]
[r175:03205] [ 9] ./code[0x401f00]
[r175:03205] [10] /usr/lib64/libc.so.6(__libc_start_main+0xf5)[0x2b6e8ec61b35]
[r175:03205] [11] ./code[0x400f09]
[r175:03205] *** End of error message ***
[warn] Epoll ADD(4) on fd 36 failed.  Old events were 0; read change was 0 (none); write change was 1 (add): Bad file descriptor
--------------------------------------------------------------------------
mpirun noticed that process rank 1 with PID 3205 on node r175 exited on signal 11 (Segmentation fault).
--------------------------------------------------------------------------
