
 Matrix size = 1008 
[r196:21796] *** Process received signal ***
[r196:21796] Signal: Segmentation fault (11)
[r196:21796] Signal code: Address not mapped (1)
[r196:21796] Failing at address: 0x2b3ed51a4010
[r196:21796] [ 0] /usr/lib64/libpthread.so.0(+0xf370)[0x2b3eb8329370]
[r196:21796] [ 1] /usr/lib64/libc.so.6(+0x149265)[0x2b3eb867f265]
[r196:21796] [ 2] /sw/parallel/openmpi/rackham-centos7/2.1.1gcc7.1.0/lib/openmpi/mca_btl_vader.so(+0x2952)[0x2b3ec7321952]
[r196:21796] [ 3] /sw/parallel/openmpi/rackham-centos7/2.1.1gcc7.1.0/lib/openmpi/mca_pml_ob1.so(mca_pml_ob1_send_request_schedule_once+0x19e)[0x2b3ec8305dee]
[r196:21796] [ 4] /sw/parallel/openmpi/rackham-centos7/2.1.1gcc7.1.0/lib/openmpi/mca_pml_ob1.so(mca_pml_ob1_recv_frag_callback_ack+0x160)[0x2b3ec83002d0]
[r196:21796] [ 5] /sw/parallel/openmpi/rackham-centos7/2.1.1gcc7.1.0/lib/openmpi/mca_btl_vader.so(mca_btl_vader_poll_handle_frag+0x79)[0x2b3ec7322bb9]
[r196:21796] [ 6] /sw/parallel/openmpi/rackham-centos7/2.1.1gcc7.1.0/lib/openmpi/mca_btl_vader.so(+0x4242)[0x2b3ec7323242]
[r196:21796] [ 7] /sw/parallel/openmpi/rackham-centos7/2.1.1gcc7.1.0/lib/libopen-pal.so.20(opal_progress+0x5c)[0x2b3eb8ba563c]
[r196:21796] [ 8] /opt/openmpi/2.1.1gcc7.1.0/lib/libmpi.so.20(ompi_mpi_finalize+0x125)[0x2b3eb7d64a65]
[r196:21796] [ 9] ./code[0x401f00]
[r196:21796] [10] /usr/lib64/libc.so.6(__libc_start_main+0xf5)[0x2b3eb8557b35]
[r196:21796] [11] ./code[0x400f09]
[r196:21796] *** End of error message ***
[warn] Epoll ADD(4) on fd 0 failed.  Old events were 0; read change was 0 (none); write change was 1 (add): Bad file descriptor
--------------------------------------------------------------------------
mpirun noticed that process rank 1 with PID 21796 on node r196 exited on signal 11 (Segmentation fault).
--------------------------------------------------------------------------
