
 Matrix size = 576 
[r174:28642] *** Process received signal ***
[r174:28642] Signal: Segmentation fault (11)
[r174:28642] Signal code: Address not mapped (1)
[r174:28642] Failing at address: 0x2af9934c5010
[r174:28642] [ 0] /usr/lib64/libpthread.so.0(+0xf370)[0x2af97677f370]
[r174:28642] [ 1] /usr/lib64/libc.so.6(+0x149265)[0x2af976ad5265]
[r174:28642] [ 2] /sw/parallel/openmpi/rackham-centos7/2.1.1gcc7.1.0/lib/openmpi/mca_btl_vader.so(+0x2952)[0x2af985834952]
[r174:28642] [ 3] /sw/parallel/openmpi/rackham-centos7/2.1.1gcc7.1.0/lib/openmpi/mca_pml_ob1.so(mca_pml_ob1_send_request_schedule_once+0x19e)[0x2af986797dee]
[r174:28642] [ 4] /sw/parallel/openmpi/rackham-centos7/2.1.1gcc7.1.0/lib/openmpi/mca_pml_ob1.so(mca_pml_ob1_recv_frag_callback_ack+0x160)[0x2af9867922d0]
[r174:28642] [ 5] /sw/parallel/openmpi/rackham-centos7/2.1.1gcc7.1.0/lib/openmpi/mca_btl_vader.so(mca_btl_vader_poll_handle_frag+0x79)[0x2af985835bb9]
[r174:28642] [ 6] /sw/parallel/openmpi/rackham-centos7/2.1.1gcc7.1.0/lib/openmpi/mca_btl_vader.so(+0x4242)[0x2af985836242]
[r174:28642] [ 7] /sw/parallel/openmpi/rackham-centos7/2.1.1gcc7.1.0/lib/libopen-pal.so.20(opal_progress+0x5c)[0x2af976ffb63c]
[r174:28642] [ 8] /opt/openmpi/2.1.1gcc7.1.0/lib/libmpi.so.20(ompi_mpi_finalize+0x125)[0x2af9761baa65]
[r174:28642] [ 9] ./code[0x401f00]
[r174:28642] [10] /usr/lib64/libc.so.6(__libc_start_main+0xf5)[0x2af9769adb35]
[r174:28642] [11] ./code[0x400f09]
[r174:28642] *** End of error message ***
[warn] Epoll ADD(4) on fd 0 failed.  Old events were 0; read change was 0 (none); write change was 1 (add): Bad file descriptor
--------------------------------------------------------------------------
mpirun noticed that process rank 1 with PID 28642 on node r174 exited on signal 11 (Segmentation fault).
--------------------------------------------------------------------------
