
 Matrix size = 1008 
[r47:09309] *** Process received signal ***
[r47:09309] Signal: Segmentation fault (11)
[r47:09309] Signal code: Address not mapped (1)
[r47:09309] Failing at address: 0x2ab4c0fa0010
[r47:09309] [ 0] /usr/lib64/libpthread.so.0(+0xf370)[0x2ab4a4120370]
[r47:09309] [ 1] /usr/lib64/libc.so.6(+0x149265)[0x2ab4a4476265]
[r47:09309] [ 2] /sw/parallel/openmpi/rackham-centos7/2.1.1gcc7.1.0/lib/openmpi/mca_btl_vader.so(+0x2952)[0x2ab4b311d952]
[r47:09309] [ 3] /sw/parallel/openmpi/rackham-centos7/2.1.1gcc7.1.0/lib/openmpi/mca_pml_ob1.so(mca_pml_ob1_send_request_schedule_once+0x19e)[0x2ab4b4101dee]
[r47:09309] [ 4] /sw/parallel/openmpi/rackham-centos7/2.1.1gcc7.1.0/lib/openmpi/mca_pml_ob1.so(mca_pml_ob1_recv_frag_callback_ack+0x160)[0x2ab4b40fc2d0]
[r47:09309] [ 5] /sw/parallel/openmpi/rackham-centos7/2.1.1gcc7.1.0/lib/openmpi/mca_btl_vader.so(mca_btl_vader_poll_handle_frag+0x79)[0x2ab4b311ebb9]
[r47:09309] [ 6] /sw/parallel/openmpi/rackham-centos7/2.1.1gcc7.1.0/lib/openmpi/mca_btl_vader.so(+0x4242)[0x2ab4b311f242]
[r47:09309] [ 7] /sw/parallel/openmpi/rackham-centos7/2.1.1gcc7.1.0/lib/libopen-pal.so.20(opal_progress+0x5c)[0x2ab4a499c63c]
[r47:09309] [ 8] /opt/openmpi/2.1.1gcc7.1.0/lib/libmpi.so.20(ompi_mpi_finalize+0x125)[0x2ab4a3b5ba65]
[r47:09309] [ 9] ./code[0x401f00]
[r47:09309] [10] /usr/lib64/libc.so.6(__libc_start_main+0xf5)[0x2ab4a434eb35]
[r47:09309] [11] ./code[0x400f09]
[r47:09309] *** End of error message ***
[warn] Epoll ADD(4) on fd 32 failed.  Old events were 0; read change was 0 (none); write change was 1 (add): Bad file descriptor
--------------------------------------------------------------------------
mpirun noticed that process rank 1 with PID 9309 on node r47 exited on signal 11 (Segmentation fault).
--------------------------------------------------------------------------
