
 Matrix size = 1440 
[r60:04011] *** Process received signal ***
[r60:04011] Signal: Segmentation fault (11)
[r60:04011] Signal code: Address not mapped (1)
[r60:04011] Failing at address: 0x2ab8fb0e9010
[r60:04011] [ 0] /usr/lib64/libpthread.so.0(+0xf370)[0x2ab8dc638370]
[r60:04011] [ 1] /usr/lib64/libc.so.6(+0x149265)[0x2ab8dc98e265]
[r60:04011] [ 2] /sw/parallel/openmpi/rackham-centos7/2.1.1gcc7.1.0/lib/openmpi/mca_btl_vader.so(+0x2952)[0x2ab8eb721952]
[r60:04011] [ 3] /sw/parallel/openmpi/rackham-centos7/2.1.1gcc7.1.0/lib/openmpi/mca_pml_ob1.so(mca_pml_ob1_send_request_schedule_once+0x19e)[0x2ab8ec684dee]
[r60:04011] [ 4] /sw/parallel/openmpi/rackham-centos7/2.1.1gcc7.1.0/lib/openmpi/mca_pml_ob1.so(mca_pml_ob1_recv_frag_callback_ack+0x160)[0x2ab8ec67f2d0]
[r60:04011] [ 5] /sw/parallel/openmpi/rackham-centos7/2.1.1gcc7.1.0/lib/openmpi/mca_btl_vader.so(mca_btl_vader_poll_handle_frag+0x79)[0x2ab8eb722bb9]
[r60:04011] [ 6] /sw/parallel/openmpi/rackham-centos7/2.1.1gcc7.1.0/lib/openmpi/mca_btl_vader.so(+0x4242)[0x2ab8eb723242]
[r60:04011] [ 7] /sw/parallel/openmpi/rackham-centos7/2.1.1gcc7.1.0/lib/libopen-pal.so.20(opal_progress+0x5c)[0x2ab8dceb463c]
[r60:04011] [ 8] /opt/openmpi/2.1.1gcc7.1.0/lib/libmpi.so.20(ompi_mpi_finalize+0x125)[0x2ab8dc073a65]
[r60:04011] [ 9] ./code[0x401f00]
[r60:04011] [10] /usr/lib64/libc.so.6(__libc_start_main+0xf5)[0x2ab8dc866b35]
[r60:04011] [11] ./code[0x400f09]
[r60:04011] *** End of error message ***
[warn] Epoll ADD(4) on fd 56 failed.  Old events were 0; read change was 0 (none); write change was 1 (add): Bad file descriptor
--------------------------------------------------------------------------
mpirun noticed that process rank 1 with PID 4011 on node r60 exited on signal 11 (Segmentation fault).
--------------------------------------------------------------------------
