
 Matrix size = 720 
[r260:02263] *** Process received signal ***
[r260:02263] Signal: Segmentation fault (11)
[r260:02263] Signal code: Address not mapped (1)
[r260:02263] Failing at address: 0x2b3b41156010
[r260:02263] [ 0] /usr/lib64/libpthread.so.0(+0xf370)[0x2b3b243b9370]
[r260:02263] [ 1] /usr/lib64/libc.so.6(+0x149265)[0x2b3b2470f265]
[r260:02263] [ 2] /sw/parallel/openmpi/rackham-centos7/2.1.1gcc7.1.0/lib/openmpi/mca_btl_vader.so(+0x2952)[0x2b3b3351d952]
[r260:02263] [ 3] /sw/parallel/openmpi/rackham-centos7/2.1.1gcc7.1.0/lib/openmpi/mca_pml_ob1.so(mca_pml_ob1_send_request_schedule_once+0x19e)[0x2b3b3437fdee]
[r260:02263] [ 4] /sw/parallel/openmpi/rackham-centos7/2.1.1gcc7.1.0/lib/openmpi/mca_pml_ob1.so(mca_pml_ob1_recv_frag_callback_ack+0x160)[0x2b3b3437a2d0]
[r260:02263] [ 5] /sw/parallel/openmpi/rackham-centos7/2.1.1gcc7.1.0/lib/openmpi/mca_btl_vader.so(mca_btl_vader_poll_handle_frag+0x79)[0x2b3b3351ebb9]
[r260:02263] [ 6] /sw/parallel/openmpi/rackham-centos7/2.1.1gcc7.1.0/lib/openmpi/mca_btl_vader.so(+0x4242)[0x2b3b3351f242]
[r260:02263] [ 7] /sw/parallel/openmpi/rackham-centos7/2.1.1gcc7.1.0/lib/libopen-pal.so.20(opal_progress+0x5c)[0x2b3b24c3563c]
[r260:02263] [ 8] /opt/openmpi/2.1.1gcc7.1.0/lib/libmpi.so.20(ompi_mpi_finalize+0x125)[0x2b3b23df4a65]
[r260:02263] [ 9] ./code[0x401f00]
[r260:02263] [10] /usr/lib64/libc.so.6(__libc_start_main+0xf5)[0x2b3b245e7b35]
[r260:02263] [11] ./code[0x400f09]
[r260:02263] *** End of error message ***
[warn] Epoll ADD(4) on fd 0 failed.  Old events were 0; read change was 0 (none); write change was 1 (add): Bad file descriptor
--------------------------------------------------------------------------
mpirun noticed that process rank 1 with PID 2263 on node r260 exited on signal 11 (Segmentation fault).
--------------------------------------------------------------------------
