
 Matrix size = 1152 
[r77:23973] *** Process received signal ***
[r77:23973] Signal: Segmentation fault (11)
[r77:23973] Signal code: Address not mapped (1)
[r77:23973] Failing at address: 0x2b57842ae010
[r77:23973] [ 0] /usr/lib64/libpthread.so.0(+0xf370)[0x2b5765871370]
[r77:23973] [ 1] /usr/lib64/libc.so.6(+0x149265)[0x2b5765bc7265]
[r77:23973] [ 2] /sw/parallel/openmpi/rackham-centos7/2.1.1gcc7.1.0/lib/openmpi/mca_btl_vader.so(+0x2952)[0x2b5774a1a952]
[r77:23973] [ 3] /sw/parallel/openmpi/rackham-centos7/2.1.1gcc7.1.0/lib/openmpi/mca_pml_ob1.so(mca_pml_ob1_send_request_schedule_once+0x19e)[0x2b577587cdee]
[r77:23973] [ 4] /sw/parallel/openmpi/rackham-centos7/2.1.1gcc7.1.0/lib/openmpi/mca_pml_ob1.so(mca_pml_ob1_recv_frag_callback_ack+0x160)[0x2b57758772d0]
[r77:23973] [ 5] /sw/parallel/openmpi/rackham-centos7/2.1.1gcc7.1.0/lib/openmpi/mca_btl_vader.so(mca_btl_vader_poll_handle_frag+0x79)[0x2b5774a1bbb9]
[r77:23973] [ 6] /sw/parallel/openmpi/rackham-centos7/2.1.1gcc7.1.0/lib/openmpi/mca_btl_vader.so(+0x4242)[0x2b5774a1c242]
[r77:23973] [ 7] /sw/parallel/openmpi/rackham-centos7/2.1.1gcc7.1.0/lib/libopen-pal.so.20(opal_progress+0x5c)[0x2b57660ed63c]
[r77:23973] [ 8] /opt/openmpi/2.1.1gcc7.1.0/lib/libmpi.so.20(ompi_mpi_finalize+0x125)[0x2b57652aca65]
[r77:23973] [ 9] ./code[0x401f00]
[r77:23973] [10] /usr/lib64/libc.so.6(__libc_start_main+0xf5)[0x2b5765a9fb35]
[r77:23973] [11] ./code[0x400f09]
[r77:23973] *** End of error message ***
[warn] Epoll ADD(4) on fd 72 failed.  Old events were 0; read change was 0 (none); write change was 1 (add): Bad file descriptor
--------------------------------------------------------------------------
mpirun noticed that process rank 1 with PID 23973 on node r77 exited on signal 11 (Segmentation fault).
--------------------------------------------------------------------------
