
 Matrix size = 1008 
[r194:09533] *** Process received signal ***
[r194:09533] Signal: Segmentation fault (11)
[r194:09533] Signal code: Address not mapped (1)
[r194:09533] Failing at address: 0x2b10dc3e4010
[r194:09533] [ 0] /usr/lib64/libpthread.so.0(+0xf370)[0x2b10bda02370]
[r194:09533] [ 1] /usr/lib64/libc.so.6(+0x149265)[0x2b10bdd58265]
[r194:09533] [ 2] /sw/parallel/openmpi/rackham-centos7/2.1.1gcc7.1.0/lib/openmpi/mca_btl_vader.so(+0x2952)[0x2b10cca1a952]
[r194:09533] [ 3] /sw/parallel/openmpi/rackham-centos7/2.1.1gcc7.1.0/lib/openmpi/mca_pml_ob1.so(mca_pml_ob1_send_request_schedule_once+0x19e)[0x2b10cd9fedee]
[r194:09533] [ 4] /sw/parallel/openmpi/rackham-centos7/2.1.1gcc7.1.0/lib/openmpi/mca_pml_ob1.so(mca_pml_ob1_recv_frag_callback_ack+0x160)[0x2b10cd9f92d0]
[r194:09533] [ 5] /sw/parallel/openmpi/rackham-centos7/2.1.1gcc7.1.0/lib/openmpi/mca_btl_vader.so(mca_btl_vader_poll_handle_frag+0x79)[0x2b10cca1bbb9]
[r194:09533] [ 6] /sw/parallel/openmpi/rackham-centos7/2.1.1gcc7.1.0/lib/openmpi/mca_btl_vader.so(+0x4242)[0x2b10cca1c242]
[r194:09533] [ 7] /sw/parallel/openmpi/rackham-centos7/2.1.1gcc7.1.0/lib/libopen-pal.so.20(opal_progress+0x5c)[0x2b10be27e63c]
[r194:09533] [ 8] /opt/openmpi/2.1.1gcc7.1.0/lib/libmpi.so.20(ompi_mpi_finalize+0x125)[0x2b10bd43da65]
[r194:09533] [ 9] ./code[0x401f00]
[r194:09533] [10] /usr/lib64/libc.so.6(__libc_start_main+0xf5)[0x2b10bdc30b35]
[r194:09533] [11] ./code[0x400f09]
[r194:09533] *** End of error message ***
[warn] Epoll ADD(4) on fd 67 failed.  Old events were 0; read change was 0 (none); write change was 1 (add): Bad file descriptor
--------------------------------------------------------------------------
mpirun noticed that process rank 1 with PID 9533 on node r194 exited on signal 11 (Segmentation fault).
--------------------------------------------------------------------------
