
 Matrix size = 288 
[r150:22336] *** Process received signal ***
[r150:22336] Signal: Segmentation fault (11)
[r150:22336] Signal code: Address not mapped (1)
[r150:22336] Failing at address: 0x2b5c59e71010
[r150:22336] [ 0] /usr/lib64/libpthread.so.0(+0xf370)[0x2b5c3e56f370]
[r150:22336] [ 1] /usr/lib64/libc.so.6(+0x149265)[0x2b5c3e8c5265]
[r150:22336] [ 2] /sw/parallel/openmpi/rackham-centos7/2.1.1gcc7.1.0/lib/openmpi/mca_btl_vader.so(+0x2952)[0x2b5c4d62e952]
[r150:22336] [ 3] /sw/parallel/openmpi/rackham-centos7/2.1.1gcc7.1.0/lib/openmpi/mca_pml_ob1.so(mca_pml_ob1_send_request_schedule_once+0x19e)[0x2b5c4e591dee]
[r150:22336] [ 4] /sw/parallel/openmpi/rackham-centos7/2.1.1gcc7.1.0/lib/openmpi/mca_pml_ob1.so(mca_pml_ob1_recv_frag_callback_ack+0x160)[0x2b5c4e58c2d0]
[r150:22336] [ 5] /sw/parallel/openmpi/rackham-centos7/2.1.1gcc7.1.0/lib/openmpi/mca_btl_vader.so(mca_btl_vader_poll_handle_frag+0x79)[0x2b5c4d62fbb9]
[r150:22336] [ 6] /sw/parallel/openmpi/rackham-centos7/2.1.1gcc7.1.0/lib/openmpi/mca_btl_vader.so(+0x4242)[0x2b5c4d630242]
[r150:22336] [ 7] /sw/parallel/openmpi/rackham-centos7/2.1.1gcc7.1.0/lib/libopen-pal.so.20(opal_progress+0x5c)[0x2b5c3edeb63c]
[r150:22336] [ 8] /opt/openmpi/2.1.1gcc7.1.0/lib/libmpi.so.20(ompi_mpi_finalize+0x125)[0x2b5c3dfaaa65]
[r150:22336] [ 9] ./code[0x401f00]
[r150:22336] [10] /usr/lib64/libc.so.6(__libc_start_main+0xf5)[0x2b5c3e79db35]
[r150:22336] [11] ./code[0x400f09]
[r150:22336] *** End of error message ***
[warn] Epoll ADD(4) on fd 32 failed.  Old events were 0; read change was 0 (none); write change was 1 (add): Bad file descriptor
--------------------------------------------------------------------------
mpirun noticed that process rank 1 with PID 22336 on node r150 exited on signal 11 (Segmentation fault).
--------------------------------------------------------------------------
