
 Matrix size = 576 
[r197:11243] *** Process received signal ***
[r197:11243] Signal: Segmentation fault (11)
[r197:11243] Signal code: Address not mapped (1)
[r197:11243] Failing at address: 0x2b22cbb4a010
[r197:11243] [ 0] /usr/lib64/libpthread.so.0(+0xf370)[0x2b22ad241370]
[r197:11243] [ 1] /usr/lib64/libc.so.6(+0x149265)[0x2b22ad597265]
[r197:11243] [ 2] /sw/parallel/openmpi/rackham-centos7/2.1.1gcc7.1.0/lib/openmpi/mca_btl_vader.so(+0x2952)[0x2b22bc40d952]
[r197:11243] [ 3] /sw/parallel/openmpi/rackham-centos7/2.1.1gcc7.1.0/lib/openmpi/mca_pml_ob1.so(mca_pml_ob1_send_request_schedule_once+0x19e)[0x2b22bd26fdee]
[r197:11243] [ 4] /sw/parallel/openmpi/rackham-centos7/2.1.1gcc7.1.0/lib/openmpi/mca_pml_ob1.so(mca_pml_ob1_recv_frag_callback_ack+0x160)[0x2b22bd26a2d0]
[r197:11243] [ 5] /sw/parallel/openmpi/rackham-centos7/2.1.1gcc7.1.0/lib/openmpi/mca_btl_vader.so(mca_btl_vader_poll_handle_frag+0x79)[0x2b22bc40ebb9]
[r197:11243] [ 6] /sw/parallel/openmpi/rackham-centos7/2.1.1gcc7.1.0/lib/openmpi/mca_btl_vader.so(+0x4242)[0x2b22bc40f242]
[r197:11243] [ 7] /sw/parallel/openmpi/rackham-centos7/2.1.1gcc7.1.0/lib/libopen-pal.so.20(opal_progress+0x5c)[0x2b22adabd63c]
[r197:11243] [ 8] /opt/openmpi/2.1.1gcc7.1.0/lib/libmpi.so.20(ompi_mpi_finalize+0x125)[0x2b22acc7ca65]
[r197:11243] [ 9] ./code[0x401f00]
[r197:11243] [10] /usr/lib64/libc.so.6(__libc_start_main+0xf5)[0x2b22ad46fb35]
[r197:11243] [11] ./code[0x400f09]
[r197:11243] *** End of error message ***
[warn] Epoll ADD(4) on fd 32 failed.  Old events were 0; read change was 0 (none); write change was 1 (add): Bad file descriptor
--------------------------------------------------------------------------
mpirun noticed that process rank 1 with PID 11243 on node r197 exited on signal 11 (Segmentation fault).
--------------------------------------------------------------------------
