
 Matrix size = 1152 
[r101:10939] *** Process received signal ***
[r101:10939] Signal: Segmentation fault (11)
[r101:10939] Signal code: Address not mapped (1)
[r101:10939] Failing at address: 0x2b0930272010
[r101:10939] [ 0] /usr/lib64/libpthread.so.0(+0xf370)[0x2b09144ae370]
[r101:10939] [ 1] /usr/lib64/libc.so.6(+0x149265)[0x2b0914804265]
[r101:10939] [ 2] /sw/parallel/openmpi/rackham-centos7/2.1.1gcc7.1.0/lib/openmpi/mca_btl_vader.so(+0x2952)[0x2b092351d952]
[r101:10939] [ 3] /sw/parallel/openmpi/rackham-centos7/2.1.1gcc7.1.0/lib/openmpi/mca_pml_ob1.so(mca_pml_ob1_send_request_schedule_once+0x19e)[0x2b0924480dee]
[r101:10939] [ 4] /sw/parallel/openmpi/rackham-centos7/2.1.1gcc7.1.0/lib/openmpi/mca_pml_ob1.so(mca_pml_ob1_recv_frag_callback_ack+0x160)[0x2b092447b2d0]
[r101:10939] [ 5] /sw/parallel/openmpi/rackham-centos7/2.1.1gcc7.1.0/lib/openmpi/mca_btl_vader.so(mca_btl_vader_poll_handle_frag+0x79)[0x2b092351ebb9]
[r101:10939] [ 6] /sw/parallel/openmpi/rackham-centos7/2.1.1gcc7.1.0/lib/openmpi/mca_btl_vader.so(+0x4242)[0x2b092351f242]
[r101:10939] [ 7] /sw/parallel/openmpi/rackham-centos7/2.1.1gcc7.1.0/lib/libopen-pal.so.20(opal_progress+0x5c)[0x2b0914d2a63c]
[r101:10939] [ 8] /opt/openmpi/2.1.1gcc7.1.0/lib/libmpi.so.20(ompi_mpi_finalize+0x125)[0x2b0913ee9a65]
[r101:10939] [ 9] ./code[0x401f00]
[r101:10939] [10] /usr/lib64/libc.so.6(__libc_start_main+0xf5)[0x2b09146dcb35]
[r101:10939] [11] ./code[0x400f09]
[r101:10939] *** End of error message ***
[warn] Epoll ADD(4) on fd 38 failed.  Old events were 0; read change was 0 (none); write change was 1 (add): Bad file descriptor
--------------------------------------------------------------------------
mpirun noticed that process rank 1 with PID 10939 on node r101 exited on signal 11 (Segmentation fault).
--------------------------------------------------------------------------
