
 Matrix size = 1440 
[r109:16813] *** Process received signal ***
[r109:16813] Signal: Segmentation fault (11)
[r109:16813] Signal code: Address not mapped (1)
[r109:16813] Failing at address: 0x2b2ec168c010
[r109:16813] [ 0] /usr/lib64/libpthread.so.0(+0xf370)[0x2b2ea4649370]
[r109:16813] [ 1] /usr/lib64/libc.so.6(+0x149265)[0x2b2ea499f265]
[r109:16813] [ 2] /sw/parallel/openmpi/rackham-centos7/2.1.1gcc7.1.0/lib/openmpi/mca_btl_vader.so(+0x2952)[0x2b2eb3721952]
[r109:16813] [ 3] /sw/parallel/openmpi/rackham-centos7/2.1.1gcc7.1.0/lib/openmpi/mca_pml_ob1.so(mca_pml_ob1_send_request_schedule_once+0x19e)[0x2b2eb4684dee]
[r109:16813] [ 4] /sw/parallel/openmpi/rackham-centos7/2.1.1gcc7.1.0/lib/openmpi/mca_pml_ob1.so(mca_pml_ob1_recv_frag_callback_ack+0x160)[0x2b2eb467f2d0]
[r109:16813] [ 5] /sw/parallel/openmpi/rackham-centos7/2.1.1gcc7.1.0/lib/openmpi/mca_btl_vader.so(mca_btl_vader_poll_handle_frag+0x79)[0x2b2eb3722bb9]
[r109:16813] [ 6] /sw/parallel/openmpi/rackham-centos7/2.1.1gcc7.1.0/lib/openmpi/mca_btl_vader.so(+0x4242)[0x2b2eb3723242]
[r109:16813] [ 7] /sw/parallel/openmpi/rackham-centos7/2.1.1gcc7.1.0/lib/libopen-pal.so.20(opal_progress+0x5c)[0x2b2ea4ec563c]
[r109:16813] [ 8] /opt/openmpi/2.1.1gcc7.1.0/lib/libmpi.so.20(ompi_mpi_finalize+0x125)[0x2b2ea4084a65]
[r109:16813] [ 9] ./code[0x401f00]
[r109:16813] [10] /usr/lib64/libc.so.6(__libc_start_main+0xf5)[0x2b2ea4877b35]
[r109:16813] [11] ./code[0x400f09]
[r109:16813] *** End of error message ***
[warn] Epoll ADD(4) on fd 56 failed.  Old events were 0; read change was 0 (none); write change was 1 (add): Bad file descriptor
--------------------------------------------------------------------------
mpirun noticed that process rank 1 with PID 16813 on node r109 exited on signal 11 (Segmentation fault).
--------------------------------------------------------------------------
