
 Matrix size = 288 
[r166:01710] *** Process received signal ***
[r166:01710] Signal: Segmentation fault (11)
[r166:01710] Signal code: Address not mapped (1)
[r166:01710] Failing at address: 0x2b6b107b1010
[r166:01710] [ 0] /usr/lib64/libpthread.so.0(+0xf370)[0x2b6af4eae370]
[r166:01710] [ 1] /usr/lib64/libc.so.6(+0x149265)[0x2b6af5204265]
[r166:01710] [ 2] /sw/parallel/openmpi/rackham-centos7/2.1.1gcc7.1.0/lib/openmpi/mca_btl_vader.so(+0x2952)[0x2b6b04002952]
[r166:01710] [ 3] /sw/parallel/openmpi/rackham-centos7/2.1.1gcc7.1.0/lib/openmpi/mca_pml_ob1.so(mca_pml_ob1_send_request_schedule_once+0x19e)[0x2b6b04f65dee]
[r166:01710] [ 4] /sw/parallel/openmpi/rackham-centos7/2.1.1gcc7.1.0/lib/openmpi/mca_pml_ob1.so(mca_pml_ob1_recv_frag_callback_ack+0x160)[0x2b6b04f602d0]
[r166:01710] [ 5] /sw/parallel/openmpi/rackham-centos7/2.1.1gcc7.1.0/lib/openmpi/mca_btl_vader.so(mca_btl_vader_poll_handle_frag+0x79)[0x2b6b04003bb9]
[r166:01710] [ 6] /sw/parallel/openmpi/rackham-centos7/2.1.1gcc7.1.0/lib/openmpi/mca_btl_vader.so(+0x4242)[0x2b6b04004242]
[r166:01710] [ 7] /sw/parallel/openmpi/rackham-centos7/2.1.1gcc7.1.0/lib/libopen-pal.so.20(opal_progress+0x5c)[0x2b6af572a63c]
[r166:01710] [ 8] /opt/openmpi/2.1.1gcc7.1.0/lib/libmpi.so.20(ompi_mpi_finalize+0x125)[0x2b6af48e9a65]
[r166:01710] [ 9] ./code[0x401f00]
[r166:01710] [10] /usr/lib64/libc.so.6(__libc_start_main+0xf5)[0x2b6af50dcb35]
[r166:01710] [11] ./code[0x400f09]
[r166:01710] *** End of error message ***
[warn] Epoll ADD(4) on fd 36 failed.  Old events were 0; read change was 0 (none); write change was 1 (add): Bad file descriptor
--------------------------------------------------------------------------
mpirun noticed that process rank 1 with PID 1710 on node r166 exited on signal 11 (Segmentation fault).
--------------------------------------------------------------------------
