
 Matrix size = 1152 
[r179:27650] *** Process received signal ***
[r179:27650] Signal: Segmentation fault (11)
[r179:27650] Signal code: Address not mapped (1)
[r179:27650] Failing at address: 0x2b269e380010
[r179:27650] [ 0] /usr/lib64/libpthread.so.0(+0xf370)[0x2b268257f370]
[r179:27650] [ 1] /usr/lib64/libc.so.6(+0x149265)[0x2b26828d5265]
[r179:27650] [ 2] /sw/parallel/openmpi/rackham-centos7/2.1.1gcc7.1.0/lib/openmpi/mca_btl_vader.so(+0x2952)[0x2b269162b952]
[r179:27650] [ 3] /sw/parallel/openmpi/rackham-centos7/2.1.1gcc7.1.0/lib/openmpi/mca_pml_ob1.so(mca_pml_ob1_send_request_schedule_once+0x19e)[0x2b269258edee]
[r179:27650] [ 4] /sw/parallel/openmpi/rackham-centos7/2.1.1gcc7.1.0/lib/openmpi/mca_pml_ob1.so(mca_pml_ob1_recv_frag_callback_ack+0x160)[0x2b26925892d0]
[r179:27650] [ 5] /sw/parallel/openmpi/rackham-centos7/2.1.1gcc7.1.0/lib/openmpi/mca_btl_vader.so(mca_btl_vader_poll_handle_frag+0x79)[0x2b269162cbb9]
[r179:27650] [ 6] /sw/parallel/openmpi/rackham-centos7/2.1.1gcc7.1.0/lib/openmpi/mca_btl_vader.so(+0x4242)[0x2b269162d242]
[r179:27650] [ 7] /sw/parallel/openmpi/rackham-centos7/2.1.1gcc7.1.0/lib/libopen-pal.so.20(opal_progress+0x5c)[0x2b2682dfb63c]
[r179:27650] [ 8] /opt/openmpi/2.1.1gcc7.1.0/lib/libmpi.so.20(ompi_mpi_finalize+0x125)[0x2b2681fbaa65]
[r179:27650] [ 9] ./code[0x401f00]
[r179:27650] [10] /usr/lib64/libc.so.6(__libc_start_main+0xf5)[0x2b26827adb35]
[r179:27650] [11] ./code[0x400f09]
[r179:27650] *** End of error message ***
[warn] Epoll ADD(4) on fd 32 failed.  Old events were 0; read change was 0 (none); write change was 1 (add): Bad file descriptor
--------------------------------------------------------------------------
mpirun noticed that process rank 1 with PID 27650 on node r179 exited on signal 11 (Segmentation fault).
--------------------------------------------------------------------------
