
 Matrix size = 576 
[r37:13821] *** Process received signal ***
[r37:13821] Signal: Segmentation fault (11)
[r37:13821] Signal code: Address not mapped (1)
[r37:13821] Failing at address: 0x2b3dcff7f010
[r37:13821] [ 0] /usr/lib64/libpthread.so.0(+0xf370)[0x2b3db322c370]
[r37:13821] [ 1] /usr/lib64/libc.so.6(+0x149265)[0x2b3db3582265]
[r37:13821] [ 2] /sw/parallel/openmpi/rackham-centos7/2.1.1gcc7.1.0/lib/openmpi/mca_btl_vader.so(+0x2952)[0x2b3dc22ee952]
[r37:13821] [ 3] /sw/parallel/openmpi/rackham-centos7/2.1.1gcc7.1.0/lib/openmpi/mca_pml_ob1.so(mca_pml_ob1_send_request_schedule_once+0x19e)[0x2b3dc3251dee]
[r37:13821] [ 4] /sw/parallel/openmpi/rackham-centos7/2.1.1gcc7.1.0/lib/openmpi/mca_pml_ob1.so(mca_pml_ob1_recv_frag_callback_ack+0x160)[0x2b3dc324c2d0]
[r37:13821] [ 5] /sw/parallel/openmpi/rackham-centos7/2.1.1gcc7.1.0/lib/openmpi/mca_btl_vader.so(mca_btl_vader_poll_handle_frag+0x79)[0x2b3dc22efbb9]
[r37:13821] [ 6] /sw/parallel/openmpi/rackham-centos7/2.1.1gcc7.1.0/lib/openmpi/mca_btl_vader.so(+0x4242)[0x2b3dc22f0242]
[r37:13821] [ 7] /sw/parallel/openmpi/rackham-centos7/2.1.1gcc7.1.0/lib/libopen-pal.so.20(opal_progress+0x5c)[0x2b3db3aa863c]
[r37:13821] [ 8] /opt/openmpi/2.1.1gcc7.1.0/lib/libmpi.so.20(ompi_mpi_finalize+0x125)[0x2b3db2c67a65]
[r37:13821] [ 9] ./code[0x401f00]
[r37:13821] [10] /usr/lib64/libc.so.6(__libc_start_main+0xf5)[0x2b3db345ab35]
[r37:13821] [11] ./code[0x400f09]
[r37:13821] *** End of error message ***
[warn] Epoll ADD(4) on fd 50 failed.  Old events were 0; read change was 0 (none); write change was 1 (add): Bad file descriptor
--------------------------------------------------------------------------
mpirun noticed that process rank 1 with PID 13821 on node r37 exited on signal 11 (Segmentation fault).
--------------------------------------------------------------------------
