
 Matrix size = 288 
[r175:12613] *** Process received signal ***
[r175:12613] Signal: Segmentation fault (11)
[r175:12613] Signal code: Address not mapped (1)
[r175:12613] Failing at address: 0x2af52c243010
[r175:12613] [ 0] /usr/lib64/libpthread.so.0(+0xf370)[0x2af510941370]
[r175:12613] [ 1] /usr/lib64/libc.so.6(+0x149265)[0x2af510c97265]
[r175:12613] [ 2] /sw/parallel/openmpi/rackham-centos7/2.1.1gcc7.1.0/lib/openmpi/mca_btl_vader.so(+0x2952)[0x2af51f91d952]
[r175:12613] [ 3] /sw/parallel/openmpi/rackham-centos7/2.1.1gcc7.1.0/lib/openmpi/mca_pml_ob1.so(mca_pml_ob1_send_request_schedule_once+0x19e)[0x2af520901dee]
[r175:12613] [ 4] /sw/parallel/openmpi/rackham-centos7/2.1.1gcc7.1.0/lib/openmpi/mca_pml_ob1.so(mca_pml_ob1_recv_frag_callback_ack+0x160)[0x2af5208fc2d0]
[r175:12613] [ 5] /sw/parallel/openmpi/rackham-centos7/2.1.1gcc7.1.0/lib/openmpi/mca_btl_vader.so(mca_btl_vader_poll_handle_frag+0x79)[0x2af51f91ebb9]
[r175:12613] [ 6] /sw/parallel/openmpi/rackham-centos7/2.1.1gcc7.1.0/lib/openmpi/mca_btl_vader.so(+0x4242)[0x2af51f91f242]
[r175:12613] [ 7] /sw/parallel/openmpi/rackham-centos7/2.1.1gcc7.1.0/lib/libopen-pal.so.20(opal_progress+0x5c)[0x2af5111bd63c]
[r175:12613] [ 8] /opt/openmpi/2.1.1gcc7.1.0/lib/libmpi.so.20(ompi_mpi_finalize+0x125)[0x2af51037ca65]
[r175:12613] [ 9] ./code[0x401f00]
[r175:12613] [10] /usr/lib64/libc.so.6(__libc_start_main+0xf5)[0x2af510b6fb35]
[r175:12613] [11] ./code[0x400f09]
[r175:12613] *** End of error message ***
[warn] Epoll ADD(4) on fd 38 failed.  Old events were 0; read change was 0 (none); write change was 1 (add): Bad file descriptor
--------------------------------------------------------------------------
mpirun noticed that process rank 1 with PID 12613 on node r175 exited on signal 11 (Segmentation fault).
--------------------------------------------------------------------------
