
 Matrix size = 720 
[r174:29850] *** Process received signal ***
[r174:29850] Signal: Segmentation fault (11)
[r174:29850] Signal code: Address not mapped (1)
[r174:29850] Failing at address: 0x2b1a2d4dc010
[r174:29850] [ 0] /usr/lib64/libpthread.so.0(+0xf370)[0x2b1a10747370]
[r174:29850] [ 1] /usr/lib64/libc.so.6(+0x149265)[0x2b1a10a9d265]
[r174:29850] [ 2] /sw/parallel/openmpi/rackham-centos7/2.1.1gcc7.1.0/lib/openmpi/mca_btl_vader.so(+0x2952)[0x2b1a1f721952]
[r174:29850] [ 3] /sw/parallel/openmpi/rackham-centos7/2.1.1gcc7.1.0/lib/openmpi/mca_pml_ob1.so(mca_pml_ob1_send_request_schedule_once+0x19e)[0x2b1a20705dee]
[r174:29850] [ 4] /sw/parallel/openmpi/rackham-centos7/2.1.1gcc7.1.0/lib/openmpi/mca_pml_ob1.so(mca_pml_ob1_recv_frag_callback_ack+0x160)[0x2b1a207002d0]
[r174:29850] [ 5] /sw/parallel/openmpi/rackham-centos7/2.1.1gcc7.1.0/lib/openmpi/mca_btl_vader.so(mca_btl_vader_poll_handle_frag+0x79)[0x2b1a1f722bb9]
[r174:29850] [ 6] /sw/parallel/openmpi/rackham-centos7/2.1.1gcc7.1.0/lib/openmpi/mca_btl_vader.so(+0x4242)[0x2b1a1f723242]
[r174:29850] [ 7] /sw/parallel/openmpi/rackham-centos7/2.1.1gcc7.1.0/lib/libopen-pal.so.20(opal_progress+0x5c)[0x2b1a10fc363c]
[r174:29850] [ 8] /opt/openmpi/2.1.1gcc7.1.0/lib/libmpi.so.20(ompi_mpi_finalize+0x125)[0x2b1a10182a65]
[r174:29850] [ 9] ./code[0x401f00]
[r174:29850] [10] /usr/lib64/libc.so.6(__libc_start_main+0xf5)[0x2b1a10975b35]
[r174:29850] [11] ./code[0x400f09]
[r174:29850] *** End of error message ***
[warn] Epoll ADD(4) on fd 0 failed.  Old events were 0; read change was 0 (none); write change was 1 (add): Bad file descriptor
--------------------------------------------------------------------------
mpirun noticed that process rank 1 with PID 29850 on node r174 exited on signal 11 (Segmentation fault).
--------------------------------------------------------------------------
