
 Matrix size = 288 
[r171:12471] *** Process received signal ***
[r171:12471] Signal: Segmentation fault (11)
[r171:12471] Signal code: Address not mapped (1)
[r171:12471] Failing at address: 0x2b3ccad42010
[r171:12471] [ 0] /usr/lib64/libpthread.so.0(+0xf370)[0x2b3caf43f370]
[r171:12471] [ 1] /usr/lib64/libc.so.6(+0x149265)[0x2b3caf795265]
[r171:12471] [ 2] /sw/parallel/openmpi/rackham-centos7/2.1.1gcc7.1.0/lib/openmpi/mca_btl_vader.so(+0x2952)[0x2b3cbe4ff952]
[r171:12471] [ 3] /sw/parallel/openmpi/rackham-centos7/2.1.1gcc7.1.0/lib/openmpi/mca_pml_ob1.so(mca_pml_ob1_send_request_schedule_once+0x19e)[0x2b3cbf462dee]
[r171:12471] [ 4] /sw/parallel/openmpi/rackham-centos7/2.1.1gcc7.1.0/lib/openmpi/mca_pml_ob1.so(mca_pml_ob1_recv_frag_callback_ack+0x160)[0x2b3cbf45d2d0]
[r171:12471] [ 5] /sw/parallel/openmpi/rackham-centos7/2.1.1gcc7.1.0/lib/openmpi/mca_btl_vader.so(mca_btl_vader_poll_handle_frag+0x79)[0x2b3cbe500bb9]
[r171:12471] [ 6] /sw/parallel/openmpi/rackham-centos7/2.1.1gcc7.1.0/lib/openmpi/mca_btl_vader.so(+0x4242)[0x2b3cbe501242]
[r171:12471] [ 7] /sw/parallel/openmpi/rackham-centos7/2.1.1gcc7.1.0/lib/libopen-pal.so.20(opal_progress+0x5c)[0x2b3cafcbb63c]
[r171:12471] [ 8] /opt/openmpi/2.1.1gcc7.1.0/lib/libmpi.so.20(ompi_mpi_finalize+0x125)[0x2b3caee7aa65]
[r171:12471] [ 9] ./code[0x401f00]
[r171:12471] [10] /usr/lib64/libc.so.6(__libc_start_main+0xf5)[0x2b3caf66db35]
[r171:12471] [11] ./code[0x400f09]
[r171:12471] *** End of error message ***
[warn] Epoll ADD(4) on fd 32 failed.  Old events were 0; read change was 0 (none); write change was 1 (add): Bad file descriptor
--------------------------------------------------------------------------
mpirun noticed that process rank 1 with PID 12471 on node r171 exited on signal 11 (Segmentation fault).
--------------------------------------------------------------------------
