
 Matrix size = 720 
[r264:10977] *** Process received signal ***
[r264:10977] Signal: Segmentation fault (11)
[r264:10977] Signal code: Address not mapped (1)
[r264:10977] Failing at address: 0x2afa5fe13010
[r264:10977] [ 0] /usr/lib64/libpthread.so.0(+0xf370)[0x2afa43061370]
[r264:10977] [ 1] /usr/lib64/libc.so.6(+0x149265)[0x2afa433b7265]
[r264:10977] [ 2] /sw/parallel/openmpi/rackham-centos7/2.1.1gcc7.1.0/lib/openmpi/mca_btl_vader.so(+0x2952)[0x2afa520e9952]
[r264:10977] [ 3] /sw/parallel/openmpi/rackham-centos7/2.1.1gcc7.1.0/lib/openmpi/mca_pml_ob1.so(mca_pml_ob1_send_request_schedule_once+0x19e)[0x2afa5304cdee]
[r264:10977] [ 4] /sw/parallel/openmpi/rackham-centos7/2.1.1gcc7.1.0/lib/openmpi/mca_pml_ob1.so(mca_pml_ob1_recv_frag_callback_ack+0x160)[0x2afa530472d0]
[r264:10977] [ 5] /sw/parallel/openmpi/rackham-centos7/2.1.1gcc7.1.0/lib/openmpi/mca_btl_vader.so(mca_btl_vader_poll_handle_frag+0x79)[0x2afa520eabb9]
[r264:10977] [ 6] /sw/parallel/openmpi/rackham-centos7/2.1.1gcc7.1.0/lib/openmpi/mca_btl_vader.so(+0x4242)[0x2afa520eb242]
[r264:10977] [ 7] /sw/parallel/openmpi/rackham-centos7/2.1.1gcc7.1.0/lib/libopen-pal.so.20(opal_progress+0x5c)[0x2afa438dd63c]
[r264:10977] [ 8] /opt/openmpi/2.1.1gcc7.1.0/lib/libmpi.so.20(ompi_mpi_finalize+0x125)[0x2afa42a9ca65]
[r264:10977] [ 9] ./code[0x401f00]
[r264:10977] [10] /usr/lib64/libc.so.6(__libc_start_main+0xf5)[0x2afa4328fb35]
[r264:10977] [11] ./code[0x400f09]
[r264:10977] *** End of error message ***
[warn] Epoll ADD(4) on fd 0 failed.  Old events were 0; read change was 0 (none); write change was 1 (add): Bad file descriptor
--------------------------------------------------------------------------
mpirun noticed that process rank 1 with PID 10977 on node r264 exited on signal 11 (Segmentation fault).
--------------------------------------------------------------------------
