
 Matrix size = 720 
[r208:22842] *** Process received signal ***
[r208:22842] Signal: Segmentation fault (11)
[r208:22842] Signal code: Address not mapped (1)
[r208:22842] Failing at address: 0x2aca840e5010
[r208:22842] [ 0] /usr/lib64/libpthread.so.0(+0xf370)[0x2aca6579c370]
[r208:22842] [ 1] /usr/lib64/libc.so.6(+0x149265)[0x2aca65af2265]
[r208:22842] [ 2] /sw/parallel/openmpi/rackham-centos7/2.1.1gcc7.1.0/lib/openmpi/mca_btl_vader.so(+0x2952)[0x2aca74816952]
[r208:22842] [ 3] /sw/parallel/openmpi/rackham-centos7/2.1.1gcc7.1.0/lib/openmpi/mca_pml_ob1.so(mca_pml_ob1_send_request_schedule_once+0x19e)[0x2aca75779dee]
[r208:22842] [ 4] /sw/parallel/openmpi/rackham-centos7/2.1.1gcc7.1.0/lib/openmpi/mca_pml_ob1.so(mca_pml_ob1_recv_frag_callback_ack+0x160)[0x2aca757742d0]
[r208:22842] [ 5] /sw/parallel/openmpi/rackham-centos7/2.1.1gcc7.1.0/lib/openmpi/mca_btl_vader.so(mca_btl_vader_poll_handle_frag+0x79)[0x2aca74817bb9]
[r208:22842] [ 6] /sw/parallel/openmpi/rackham-centos7/2.1.1gcc7.1.0/lib/openmpi/mca_btl_vader.so(+0x4242)[0x2aca74818242]
[r208:22842] [ 7] /sw/parallel/openmpi/rackham-centos7/2.1.1gcc7.1.0/lib/libopen-pal.so.20(opal_progress+0x5c)[0x2aca6601863c]
[r208:22842] [ 8] /opt/openmpi/2.1.1gcc7.1.0/lib/libmpi.so.20(ompi_mpi_finalize+0x125)[0x2aca651d7a65]
[r208:22842] [ 9] ./code[0x401f00]
[r208:22842] [10] /usr/lib64/libc.so.6(__libc_start_main+0xf5)[0x2aca659cab35]
[r208:22842] [11] ./code[0x400f09]
[r208:22842] *** End of error message ***
[warn] Epoll ADD(4) on fd 62 failed.  Old events were 0; read change was 0 (none); write change was 1 (add): Bad file descriptor
--------------------------------------------------------------------------
mpirun noticed that process rank 1 with PID 22842 on node r208 exited on signal 11 (Segmentation fault).
--------------------------------------------------------------------------
