
 Matrix size = 1440 
[r190:00337] *** Process received signal ***
[r190:00337] Signal: Segmentation fault (11)
[r190:00337] Signal code: Address not mapped (1)
[r190:00337] Failing at address: 0x2b2145550010
[r190:00337] [ 0] /usr/lib64/libpthread.so.0(+0xf370)[0x2b2126a97370]
[r190:00337] [ 1] /usr/lib64/libc.so.6(+0x149265)[0x2b2126ded265]
[r190:00337] [ 2] /sw/parallel/openmpi/rackham-centos7/2.1.1gcc7.1.0/lib/openmpi/mca_btl_vader.so(+0x2952)[0x2b2135c69952]
[r190:00337] [ 3] /sw/parallel/openmpi/rackham-centos7/2.1.1gcc7.1.0/lib/openmpi/mca_pml_ob1.so(mca_pml_ob1_send_request_schedule_once+0x19e)[0x2b2136acbdee]
[r190:00337] [ 4] /sw/parallel/openmpi/rackham-centos7/2.1.1gcc7.1.0/lib/openmpi/mca_pml_ob1.so(mca_pml_ob1_recv_frag_callback_ack+0x160)[0x2b2136ac62d0]
[r190:00337] [ 5] /sw/parallel/openmpi/rackham-centos7/2.1.1gcc7.1.0/lib/openmpi/mca_btl_vader.so(mca_btl_vader_poll_handle_frag+0x79)[0x2b2135c6abb9]
[r190:00337] [ 6] /sw/parallel/openmpi/rackham-centos7/2.1.1gcc7.1.0/lib/openmpi/mca_btl_vader.so(+0x4242)[0x2b2135c6b242]
[r190:00337] [ 7] /sw/parallel/openmpi/rackham-centos7/2.1.1gcc7.1.0/lib/libopen-pal.so.20(opal_progress+0x5c)[0x2b212731363c]
[r190:00337] [ 8] /opt/openmpi/2.1.1gcc7.1.0/lib/libmpi.so.20(ompi_mpi_finalize+0x125)[0x2b21264d2a65]
[r190:00337] [ 9] ./code[0x401f00]
[r190:00337] [10] /usr/lib64/libc.so.6(__libc_start_main+0xf5)[0x2b2126cc5b35]
[r190:00337] [11] ./code[0x400f09]
[r190:00337] *** End of error message ***
[warn] Epoll ADD(4) on fd 56 failed.  Old events were 0; read change was 0 (none); write change was 1 (add): Bad file descriptor
--------------------------------------------------------------------------
mpirun noticed that process rank 1 with PID 337 on node r190 exited on signal 11 (Segmentation fault).
--------------------------------------------------------------------------
