
 Matrix size = 576 
[r260:01294] *** Process received signal ***
[r260:01294] Signal: Segmentation fault (11)
[r260:01294] Signal code: Address not mapped (1)
[r260:01294] Failing at address: 0x2aae5ab35010
[r260:01294] [ 0] /usr/lib64/libpthread.so.0(+0xf370)[0x2aae3ddf2370]
[r260:01294] [ 1] /usr/lib64/libc.so.6(+0x149265)[0x2aae3e148265]
[r260:01294] [ 2] /sw/parallel/openmpi/rackham-centos7/2.1.1gcc7.1.0/lib/openmpi/mca_btl_vader.so(+0x2952)[0x2aae4ce23952]
[r260:01294] [ 3] /sw/parallel/openmpi/rackham-centos7/2.1.1gcc7.1.0/lib/openmpi/mca_pml_ob1.so(mca_pml_ob1_send_request_schedule_once+0x19e)[0x2aae4de07dee]
[r260:01294] [ 4] /sw/parallel/openmpi/rackham-centos7/2.1.1gcc7.1.0/lib/openmpi/mca_pml_ob1.so(mca_pml_ob1_recv_frag_callback_ack+0x160)[0x2aae4de022d0]
[r260:01294] [ 5] /sw/parallel/openmpi/rackham-centos7/2.1.1gcc7.1.0/lib/openmpi/mca_btl_vader.so(mca_btl_vader_poll_handle_frag+0x79)[0x2aae4ce24bb9]
[r260:01294] [ 6] /sw/parallel/openmpi/rackham-centos7/2.1.1gcc7.1.0/lib/openmpi/mca_btl_vader.so(+0x4242)[0x2aae4ce25242]
[r260:01294] [ 7] /sw/parallel/openmpi/rackham-centos7/2.1.1gcc7.1.0/lib/libopen-pal.so.20(opal_progress+0x5c)[0x2aae3e66e63c]
[r260:01294] [ 8] /opt/openmpi/2.1.1gcc7.1.0/lib/libmpi.so.20(ompi_mpi_finalize+0x125)[0x2aae3d82da65]
[r260:01294] [ 9] ./code[0x401f00]
[r260:01294] [10] /usr/lib64/libc.so.6(__libc_start_main+0xf5)[0x2aae3e020b35]
[r260:01294] [11] ./code[0x400f09]
[r260:01294] *** End of error message ***
[warn] Epoll ADD(4) on fd 32 failed.  Old events were 0; read change was 0 (none); write change was 1 (add): Bad file descriptor
--------------------------------------------------------------------------
mpirun noticed that process rank 1 with PID 1294 on node r260 exited on signal 11 (Segmentation fault).
--------------------------------------------------------------------------
