
 Matrix size = 576 
[r197:10900] *** Process received signal ***
[r197:10900] Signal: Segmentation fault (11)
[r197:10900] Signal code: Address not mapped (1)
[r197:10900] Failing at address: 0x2ba1a043d010
[r197:10900] [ 0] /usr/lib64/libpthread.so.0(+0xf370)[0x2ba181b35370]
[r197:10900] [ 1] /usr/lib64/libc.so.6(+0x149265)[0x2ba181e8b265]
[r197:10900] [ 2] /sw/parallel/openmpi/rackham-centos7/2.1.1gcc7.1.0/lib/openmpi/mca_btl_vader.so(+0x2952)[0x2ba190c1f952]
[r197:10900] [ 3] /sw/parallel/openmpi/rackham-centos7/2.1.1gcc7.1.0/lib/openmpi/mca_pml_ob1.so(mca_pml_ob1_send_request_schedule_once+0x19e)[0x2ba191b82dee]
[r197:10900] [ 4] /sw/parallel/openmpi/rackham-centos7/2.1.1gcc7.1.0/lib/openmpi/mca_pml_ob1.so(mca_pml_ob1_recv_frag_callback_ack+0x160)[0x2ba191b7d2d0]
[r197:10900] [ 5] /sw/parallel/openmpi/rackham-centos7/2.1.1gcc7.1.0/lib/openmpi/mca_btl_vader.so(mca_btl_vader_poll_handle_frag+0x79)[0x2ba190c20bb9]
[r197:10900] [ 6] /sw/parallel/openmpi/rackham-centos7/2.1.1gcc7.1.0/lib/openmpi/mca_btl_vader.so(+0x4242)[0x2ba190c21242]
[r197:10900] [ 7] /sw/parallel/openmpi/rackham-centos7/2.1.1gcc7.1.0/lib/libopen-pal.so.20(opal_progress+0x5c)[0x2ba1823b163c]
[r197:10900] [ 8] /opt/openmpi/2.1.1gcc7.1.0/lib/libmpi.so.20(ompi_mpi_finalize+0x125)[0x2ba181570a65]
[r197:10900] [ 9] ./code[0x401f00]
[r197:10900] [10] /usr/lib64/libc.so.6(__libc_start_main+0xf5)[0x2ba181d63b35]
[r197:10900] [11] ./code[0x400f09]
[r197:10900] *** End of error message ***
[warn] Epoll ADD(4) on fd 77 failed.  Old events were 0; read change was 0 (none); write change was 1 (add): Bad file descriptor
--------------------------------------------------------------------------
mpirun noticed that process rank 1 with PID 10900 on node r197 exited on signal 11 (Segmentation fault).
--------------------------------------------------------------------------
